<?xml version='1.0' encoding='UTF-8'?>
<testsuite hostname="MacBook-Pro-13.local" name="ComposedShapeTest" tests="4" errors="0" failures="0" skipped="0" time="0.083" timestamp="2020-04-25T15:14:25">
                     <properties>
[...]
</properties>
                     <testcase classname="ComposedShapeTest" name="Moving a group of shapes up" time="0.055">
                                                 
                                               </testcase><testcase classname="ComposedShapeTest" name="foreach simple" time="0.007">
                                                 
                                               </testcase><testcase classname="ComposedShapeTest" name="map" time="0.021">
                                                 
                                               </testcase><testcase classname="ComposedShapeTest" name="change Radius on ComposedShape of Rectangles" time="0.0">
                                                 
                                               </testcase>
                     <system-out><![CDATA[]]></system-out>
                     <system-err><![CDATA[]]></system-err>
                   </testsuite>